SF:lib\main.dart
DA:19,1
DA:21,2
DA:22,1
DA:24,1
DA:25,3
DA:26,1
DA:29,1
DA:30,1
DA:31,1
DA:32,4
DA:33,1
DA:37,1
DA:38,1
DA:39,1
DA:40,4
DA:41,1
DA:42,1
DA:46,1
DA:47,1
DA:48,1
DA:49,4
DA:50,1
DA:51,1
DA:52,1
DA:61,1
DA:66,1
DA:73,1
DA:75,3
DA:77,1
DA:80,1
DA:83,1
DA:84,1
DA:85,1
DA:86,1
DA:87,1
DA:88,2
DA:89,3
DA:90,2
DA:91,1
DA:92,2
DA:94,1
DA:96,1
DA:97,1
DA:101,1
DA:103,1
DA:104,4
DA:111,0
DA:116,0
DA:117,0
DA:118,0
DA:122,0
DA:123,0
DA:127,0
DA:129,0
DA:130,0
DA:134,0
DA:135,0
LF:57
LH:46
end_of_record
SF:lib\widgets\overlays\pause_button.dart
DA:9,1
DA:11,1
DA:13,1
DA:15,1
DA:22,1
DA:23,2
DA:24,3
DA:25,3
LF:8
LH:8
end_of_record
SF:lib\widgets\overlays\pause_menu.dart
DA:10,1
DA:12,0
DA:13,0
DA:16,1
DA:17,1
DA:20,1
DA:22,1
DA:23,1
DA:25,1
DA:26,1
DA:28,1
DA:29,1
DA:31,1
DA:34,5
DA:35,5
DA:36,1
DA:37,1
DA:47,1
DA:51,5
DA:52,5
DA:54,1
DA:56,1
DA:57,1
DA:59,1
DA:60,1
DA:61,1
DA:62,1
DA:66,0
DA:76,1
DA:78,1
DA:79,1
DA:80,1
DA:81,1
DA:85,1
DA:86,2
DA:87,3
DA:88,3
LF:37
LH:34
end_of_record
